[debug] [2019-07-05T03:12:08.317Z] ----------------------------------------------------------------------
[debug] [2019-07-05T03:12:08.318Z] Command:       C:\Program Files\nodejs\node.exe C:\Users\multicampus\AppData\Roaming\npm\node_modules\firebase-tools\lib\bin\firebase.js serve
[debug] [2019-07-05T03:12:08.319Z] CLI Version:   7.0.2
[debug] [2019-07-05T03:12:08.319Z] Platform:      win32
[debug] [2019-07-05T03:12:08.319Z] Node Version:  v10.16.0
[debug] [2019-07-05T03:12:08.319Z] Time:          Fri Jul 05 2019 12:12:08 GMT+0900 (GMT+09:00)
[debug] [2019-07-05T03:12:08.319Z] ----------------------------------------------------------------------
[debug] 
[debug] [2019-07-05T03:12:08.326Z] > command requires scopes: ["email","openid","https://www.googleapis.com/auth/cloudplatformprojects.readonly","https://www.googleapis.com/auth/firebase","https://www.googleapis.com/auth/cloud-platform"]
[debug] [2019-07-05T03:12:08.327Z] > authorizing via signed-in user
[debug] [2019-07-05T03:12:08.327Z] [iam] checking project wmproject-9876 for permissions ["firebase.projects.get"]
[debug] [2019-07-05T03:12:08.328Z] >>> HTTP REQUEST POST https://cloudresourcemanager.googleapis.com/v1/projects/wmproject-9876:testIamPermissions  

[debug] [2019-07-05T03:12:09.325Z] <<< HTTP RESPONSE 200
[debug] [2019-07-05T03:12:09.326Z] >>> HTTP REQUEST GET https://cloudresourcemanager.googleapis.com/v1/projects/wmproject-9876  
 
[debug] [2019-07-05T03:12:10.212Z] <<< HTTP RESPONSE 200
[info] 
[info] === Serving from 'C:\Users\multicampus\Desktop\silverlyjoo\wmproject'...
[info] 
[warn] !  Your requested "node" version "8" doesn't match your global version "10"
[debug] [2019-07-05T03:12:10.217Z] >>> HTTP REQUEST GET https://mobilesdk-pa.googleapis.com/v1/projects/590413267489/clients/_:getWebAppConfig  
 
[debug] [2019-07-05T03:12:10.217Z] >>> HTTP REQUEST GET https://mobilesdk-pa.googleapis.com/v1/projects/590413267489:getServerAppConfig  
 
[debug] [2019-07-05T03:12:10.890Z] <<< HTTP RESPONSE 200
[info] +  functions: Emulator started at http://localhost:5001
[debug] [2019-07-05T03:12:11.244Z] <<< HTTP RESPONSE 200
[info] i  functions: Watching "C:\Users\multicampus\Desktop\silverlyjoo\wmproject\functions" for Cloud Functions...
[info] i  hosting: Serving hosting files from: ./dist
[info] +  hosting: Local server: http://localhost:5000
[debug] [2019-07-05T03:12:11.561Z] Functions runtime initialized.
[debug] [2019-07-05T03:12:11.562Z] Disabled runtime features: {"functions_config_helper":true,"network_filtering":true,"timeout":true,"memory_limiting":true,"protect_env":true,"admin_stubs":true}
[warn] !  The Cloud Functions emulator requires the module "firebase-admin" to be installed. This package is in your package.json, but it's not available. You probably need to run "npm install" in your functions directory.
[info] i  functions: Your functions could not be parsed due to an issue with your node_modules (see above)
